#
# There is insufficient memory for the Java Runtime Environment to continue.
# Native memory allocation (malloc) failed to allocate 595600 bytes for Chunk::new
# Possible reasons:
#   The system is out of physical RAM or swap space
#   The process is running with CompressedOops enabled, and the Java Heap may be blocking the growth of the native heap
# Possible solutions:
#   Reduce memory load on the system
#   Increase physical memory or swap space
#   Check if swap backing store is full
#   Decrease Java heap size (-Xmx/-Xms)
#   Decrease number of Java threads
#   Decrease Java thread stack sizes (-Xss)
#   Set larger code cache with -XX:ReservedCodeCacheSize=
#   JVM is running with Unscaled Compressed Oops mode in which the Java heap is
#     placed in the first 4GB address space. The Java Heap base address is the
#     maximum limit for the native heap growth. Please use -XX:HeapBaseMinAddress
#     to set the Java Heap base and to place the Java Heap above 4GB virtual address.
# This output file may be truncated or incomplete.
#
#  Out of Memory Error (arena.cpp:184), pid=6468, tid=24236
#
# JRE version: Java(TM) SE Runtime Environment (20.0.1+9) (build 20.0.1+9-29)
# Java VM: Java HotSpot(TM) 64-Bit Server VM (20.0.1+9-29, mixed mode, sharing, tiered, compressed oops, compressed class ptrs, g1 gc, windows-amd64)
# No core dump will be written. Minidumps are not enabled by default on client versions of Windows
#

---------------  S U M M A R Y ------------

Command Line: -XX:+ShowCodeDetailsInExceptionMessages com.caribu.filiale.MainVerticle

Host: Intel(R) Core(TM) i5-8250U CPU @ 1.60GHz, 8 cores, 7G,  Windows 10 , 64 bit Build 19041 (10.0.19041.2913)
Time: Fri May 26 20:25:37 2023 ora legale Europa occidentale elapsed time: 3.227498 seconds (0d 0h 0m 3s)

---------------  T H R E A D  ---------------

Current thread (0x000001f0a951c030):  JavaThread "C2 CompilerThread1" daemon [_thread_in_native, id=24236, stack(0x000000cd73a00000,0x000000cd73b00000)]


Current CompileTask:
C2:   3227 1367       4       jdk.internal.loader.URLClassPath::getResource (74 bytes)

Stack: [0x000000cd73a00000,0x000000cd73b00000]
Native frames: (J=compiled Java code, j=interpreted, Vv=VM code, C=native code)
V  [jvm.dll+0x6bb95a]
V  [jvm.dll+0x8485fa]
V  [jvm.dll+0x84a1f5]
V  [jvm.dll+0x84a8f3]
V  [jvm.dll+0x280b0f]
V  [jvm.dll+0xc2b11]
V  [jvm.dll+0xc2e35]
V  [jvm.dll+0x3bb17c]
V  [jvm.dll+0x3857f5]
V  [jvm.dll+0x384c6a]
V  [jvm.dll+0x24b259]
V  [jvm.dll+0x24a651]
V  [jvm.dll+0x1ce491]
V  [jvm.dll+0x259e1b]
V  [jvm.dll+0x2584f0]
V  [jvm.dll+0x3f2895]
V  [jvm.dll+0x7f4b56]
V  [jvm.dll+0x6ba5cb]
C  [ucrtbase.dll+0x21bb2]
C  [KERNEL32.DLL+0x17614]
C  [ntdll.dll+0x526a1]


---------------  P R O C E S S  ---------------

Threads class SMR info:
_java_thread_list=0x000001f0a9dff090, length=17, elements={
0x000001f0a4721000, 0x000001f0a4721e00, 0x000001f0a4722e80, 0x000001f0a4729c00,
0x000001f0a472a540, 0x000001f0a4734ea0, 0x000001f0a47402e0, 0x000001f0a4760c70,
0x000001f0a8a4baa0, 0x000001f0a8a4bff0, 0x000001f0a8a4aab0, 0x000001f0a951c030,
0x000001f0a8a49ac0, 0x000001f0a8a49020, 0x000001f0a8a49570, 0x000001f0a8a4b550,
0x000001f0a9d88cb0
}

Java Threads: ( => current thread )
  0x000001f0a4721000 JavaThread "Reference Handler" daemon [_thread_blocked, id=27352, stack(0x000000cd72e00000,0x000000cd72f00000)]
  0x000001f0a4721e00 JavaThread "Finalizer" daemon [_thread_blocked, id=21532, stack(0x000000cd72f00000,0x000000cd73000000)]
  0x000001f0a4722e80 JavaThread "Signal Dispatcher" daemon [_thread_blocked, id=9444, stack(0x000000cd73000000,0x000000cd73100000)]
  0x000001f0a4729c00 JavaThread "Attach Listener" daemon [_thread_blocked, id=26456, stack(0x000000cd73100000,0x000000cd73200000)]
  0x000001f0a472a540 JavaThread "Service Thread" daemon [_thread_blocked, id=16252, stack(0x000000cd73200000,0x000000cd73300000)]
  0x000001f0a4734ea0 JavaThread "Monitor Deflation Thread" daemon [_thread_blocked, id=4240, stack(0x000000cd73300000,0x000000cd73400000)]
  0x000001f0a47402e0 JavaThread "C2 CompilerThread0" daemon [_thread_blocked, id=26300, stack(0x000000cd73400000,0x000000cd73500000)]
  0x000001f0a4760c70 JavaThread "C1 CompilerThread0" daemon [_thread_blocked, id=18592, stack(0x000000cd73500000,0x000000cd73600000)]
  0x000001f0a8a4baa0 JavaThread "Notification Thread" daemon [_thread_blocked, id=23684, stack(0x000000cd73600000,0x000000cd73700000)]
  0x000001f0a8a4bff0 JavaThread "Common-Cleaner" daemon [_thread_blocked, id=26112, stack(0x000000cd73800000,0x000000cd73900000)]
  0x000001f0a8a4aab0 JavaThread "vertx-blocked-thread-checker" daemon [_thread_blocked, id=24520, stack(0x000000cd73900000,0x000000cd73a00000)]
=>0x000001f0a951c030 JavaThread "C2 CompilerThread1" daemon [_thread_in_native, id=24236, stack(0x000000cd73a00000,0x000000cd73b00000)]
  0x000001f0a8a49ac0 JavaThread "Jndi-Dns-address-change-listener" daemon [_thread_in_native, id=8952, stack(0x000000cd73b00000,0x000000cd73c00000)]
  0x000001f0a8a49020 JavaThread "vert.x-eventloop-thread-0" [_thread_in_native, id=4292, stack(0x000000cd73c00000,0x000000cd73d00000)]
  0x000001f0a8a49570 JavaThread "DestroyJavaVM" [_thread_blocked, id=23740, stack(0x000000cd72700000,0x000000cd72800000)]
  0x000001f0a8a4b550 JavaThread "vert.x-eventloop-thread-1" [_thread_in_vm, id=23704, stack(0x000000cd73d00000,0x000000cd73e00000)]
  0x000001f0a9d88cb0 JavaThread "vert.x-internal-blocking-0" [_thread_in_vm, id=28400, stack(0x000000cd74500000,0x000000cd74600000)]

Other Threads:
  0x000001f0a4702b30 VMThread "VM Thread" [stack: 0x000000cd72d00000,0x000000cd72e00000] [id=13604]
  0x000001f0a8a61d90 WatcherThread "VM Periodic Task Thread" [stack: 0x000000cd73700000,0x000000cd73800000] [id=16792]
  0x000001f085e0b8f0 WorkerThread "GC Thread#0" [stack: 0x000000cd72800000,0x000000cd72900000] [id=1632]
  0x000001f0a90c9560 WorkerThread "GC Thread#1" [stack: 0x000000cd73e00000,0x000000cd73f00000] [id=13748]
  0x000001f0a90c9290 WorkerThread "GC Thread#2" [stack: 0x000000cd73f00000,0x000000cd74000000] [id=28384]
  0x000001f0a90c9830 WorkerThread "GC Thread#3" [stack: 0x000000cd74000000,0x000000cd74100000] [id=28000]
  0x000001f0a90c9b00 WorkerThread "GC Thread#4" [stack: 0x000000cd74100000,0x000000cd74200000] [id=17616]
  0x000001f0a90c9dd0 WorkerThread "GC Thread#5" [stack: 0x000000cd74200000,0x000000cd74300000] [id=22128]
  0x000001f0a90c8750 WorkerThread "GC Thread#6" [stack: 0x000000cd74300000,0x000000cd74400000] [id=4180]
  0x000001f0a90ca0a0 WorkerThread "GC Thread#7" [stack: 0x000000cd74400000,0x000000cd74500000] [id=19796]
  0x000001f085e1c5e0 ConcurrentGCThread "G1 Main Marker" [stack: 0x000000cd72900000,0x000000cd72a00000] [id=15528]
  0x000001f085e1d7b0 WorkerThread "G1 Conc#0" [stack: 0x000000cd72a00000,0x000000cd72b00000] [id=28352]
  0x000001f0a45b44e0 ConcurrentGCThread "G1 Refine#0" [stack: 0x000000cd72b00000,0x000000cd72c00000] [id=28220]
  0x000001f085e6e6a0 ConcurrentGCThread "G1 Service" [stack: 0x000000cd72c00000,0x000000cd72d00000] [id=5360]

Threads with active compile tasks:
C2 CompilerThread1     3306 1367       4       jdk.internal.loader.URLClassPath::getResource (74 bytes)

VM state: not at safepoint (normal execution)

VM Mutex/Monitor currently owned by a thread:  ([mutex/lock_event])
[0x000001f085d9edb0] Metaspace_lock - owner thread: 0x000001f0a9d88cb0

Heap address: 0x0000000081e00000, size: 2018 MB, Compressed Oops mode: 32-bit

CDS archive(s) mapped at: [0x0000000800000000-0x0000000800c60000-0x0000000800c60000), size 12976128, SharedBaseAddress: 0x0000000800000000, ArchiveRelocationMode: 0.
Compressed class space mapped at: 0x0000000801000000-0x0000000841000000, reserved size: 1073741824
Narrow klass base: 0x0000000800000000, Narrow klass shift: 0, Narrow klass range: 0x100000000

GC Precious Log:
 CardTable entry size: 512
 Card Set container configuration: InlinePtr #cards 5 size 8 Array Of Cards #cards 12 size 40 Howl #buckets 4 coarsen threshold 1843 Howl Bitmap #cards 512 size 80 coarsen threshold 460 Card regions per heap region 1 cards per card region 2048
 CPUs: 8 total, 8 available
 Memory: 8066M
 Large Page Support: Disabled
 NUMA Support: Disabled
 Compressed Oops: Enabled (32-bit)
 Heap Region Size: 1M
 Heap Min Capacity: 8M
 Heap Initial Capacity: 128M
 Heap Max Capacity: 2018M
 Pre-touch: Disabled
 Parallel Workers: 8
 Concurrent Workers: 2
 Concurrent Refinement Workers: 8
 Periodic GC: Disabled

Heap:
 garbage-first heap   total 131072K, used 20608K [0x0000000081e00000, 0x0000000100000000)
  region size 1024K, 18 young (18432K), 3 survivors (3072K)
 Metaspace       used 13533K, committed 13760K, reserved 1114112K
  class space    used 1565K, committed 1664K, reserved 1048576K

Heap Regions: E=young(eden), S=young(survivor), O=old, HS=humongous(starts), HC=humongous(continues), CS=collection set, F=free, OA=open archive, CA=closed archive, TAMS=top-at-mark-start, PB=parsable bottom
|   0|0x0000000081e00000, 0x0000000081f00000, 0x0000000081f00000|100%| O|  |TAMS 0x0000000081e00000| PB 0x0000000081e00000| Untracked 
|   1|0x0000000081f00000, 0x0000000082000000, 0x0000000082000000|100%| O|  |TAMS 0x0000000081f00000| PB 0x0000000081f00000| Untracked 
|   2|0x0000000082000000, 0x0000000082100000, 0x0000000082100000|100%| O|  |TAMS 0x0000000082000000| PB 0x0000000082000000| Untracked 
|   3|0x0000000082100000, 0x0000000082120000, 0x0000000082200000| 12%| O|  |TAMS 0x0000000082100000| PB 0x0000000082100000| Untracked 
|   4|0x0000000082200000, 0x0000000082200000, 0x0000000082300000|  0%| F|  |TAMS 0x0000000082200000| PB 0x0000000082200000| Untracked 
|   5|0x0000000082300000, 0x0000000082300000, 0x0000000082400000|  0%| F|  |TAMS 0x0000000082300000| PB 0x0000000082300000| Untracked 
|   6|0x0000000082400000, 0x0000000082400000, 0x0000000082500000|  0%| F|  |TAMS 0x0000000082400000| PB 0x0000000082400000| Untracked 
|   7|0x0000000082500000, 0x0000000082500000, 0x0000000082600000|  0%| F|  |TAMS 0x0000000082500000| PB 0x0000000082500000| Untracked 
|   8|0x0000000082600000, 0x0000000082600000, 0x0000000082700000|  0%| F|  |TAMS 0x0000000082600000| PB 0x0000000082600000| Untracked 
|   9|0x0000000082700000, 0x0000000082700000, 0x0000000082800000|  0%| F|  |TAMS 0x0000000082700000| PB 0x0000000082700000| Untracked 
|  10|0x0000000082800000, 0x0000000082800000, 0x0000000082900000|  0%| F|  |TAMS 0x0000000082800000| PB 0x0000000082800000| Untracked 
|  11|0x0000000082900000, 0x0000000082900000, 0x0000000082a00000|  0%| F|  |TAMS 0x0000000082900000| PB 0x0000000082900000| Untracked 
|  12|0x0000000082a00000, 0x0000000082a00000, 0x0000000082b00000|  0%| F|  |TAMS 0x0000000082a00000| PB 0x0000000082a00000| Untracked 
|  13|0x0000000082b00000, 0x0000000082b00000, 0x0000000082c00000|  0%| F|  |TAMS 0x0000000082b00000| PB 0x0000000082b00000| Untracked 
|  14|0x0000000082c00000, 0x0000000082c00000, 0x0000000082d00000|  0%| F|  |TAMS 0x0000000082c00000| PB 0x0000000082c00000| Untracked 
|  15|0x0000000082d00000, 0x0000000082d00000, 0x0000000082e00000|  0%| F|  |TAMS 0x0000000082d00000| PB 0x0000000082d00000| Untracked 
|  16|0x0000000082e00000, 0x0000000082e00000, 0x0000000082f00000|  0%| F|  |TAMS 0x0000000082e00000| PB 0x0000000082e00000| Untracked 
|  17|0x0000000082f00000, 0x0000000082f00000, 0x0000000083000000|  0%| F|  |TAMS 0x0000000082f00000| PB 0x0000000082f00000| Untracked 
|  18|0x0000000083000000, 0x0000000083000000, 0x0000000083100000|  0%| F|  |TAMS 0x0000000083000000| PB 0x0000000083000000| Untracked 
|  19|0x0000000083100000, 0x0000000083100000, 0x0000000083200000|  0%| F|  |TAMS 0x0000000083100000| PB 0x0000000083100000| Untracked 
|  20|0x0000000083200000, 0x0000000083200000, 0x0000000083300000|  0%| F|  |TAMS 0x0000000083200000| PB 0x0000000083200000| Untracked 
|  21|0x0000000083300000, 0x0000000083300000, 0x0000000083400000|  0%| F|  |TAMS 0x0000000083300000| PB 0x0000000083300000| Untracked 
|  22|0x0000000083400000, 0x0000000083400000, 0x0000000083500000|  0%| F|  |TAMS 0x0000000083400000| PB 0x0000000083400000| Untracked 
|  23|0x0000000083500000, 0x0000000083500000, 0x0000000083600000|  0%| F|  |TAMS 0x0000000083500000| PB 0x0000000083500000| Untracked 
|  24|0x0000000083600000, 0x0000000083600000, 0x0000000083700000|  0%| F|  |TAMS 0x0000000083600000| PB 0x0000000083600000| Untracked 
|  25|0x0000000083700000, 0x0000000083700000, 0x0000000083800000|  0%| F|  |TAMS 0x0000000083700000| PB 0x0000000083700000| Untracked 
|  26|0x0000000083800000, 0x0000000083800000, 0x0000000083900000|  0%| F|  |TAMS 0x0000000083800000| PB 0x0000000083800000| Untracked 
|  27|0x0000000083900000, 0x0000000083900000, 0x0000000083a00000|  0%| F|  |TAMS 0x0000000083900000| PB 0x0000000083900000| Untracked 
|  28|0x0000000083a00000, 0x0000000083a00000, 0x0000000083b00000|  0%| F|  |TAMS 0x0000000083a00000| PB 0x0000000083a00000| Untracked 
|  29|0x0000000083b00000, 0x0000000083b00000, 0x0000000083c00000|  0%| F|  |TAMS 0x0000000083b00000| PB 0x0000000083b00000| Untracked 
|  30|0x0000000083c00000, 0x0000000083c00000, 0x0000000083d00000|  0%| F|  |TAMS 0x0000000083c00000| PB 0x0000000083c00000| Untracked 
|  31|0x0000000083d00000, 0x0000000083d00000, 0x0000000083e00000|  0%| F|  |TAMS 0x0000000083d00000| PB 0x0000000083d00000| Untracked 
|  32|0x0000000083e00000, 0x0000000083e00000, 0x0000000083f00000|  0%| F|  |TAMS 0x0000000083e00000| PB 0x0000000083e00000| Untracked 
|  33|0x0000000083f00000, 0x0000000083f00000, 0x0000000084000000|  0%| F|  |TAMS 0x0000000083f00000| PB 0x0000000083f00000| Untracked 
|  34|0x0000000084000000, 0x0000000084000000, 0x0000000084100000|  0%| F|  |TAMS 0x0000000084000000| PB 0x0000000084000000| Untracked 
|  35|0x0000000084100000, 0x0000000084100000, 0x0000000084200000|  0%| F|  |TAMS 0x0000000084100000| PB 0x0000000084100000| Untracked 
|  36|0x0000000084200000, 0x0000000084200000, 0x0000000084300000|  0%| F|  |TAMS 0x0000000084200000| PB 0x0000000084200000| Untracked 
|  37|0x0000000084300000, 0x0000000084300000, 0x0000000084400000|  0%| F|  |TAMS 0x0000000084300000| PB 0x0000000084300000| Untracked 
|  38|0x0000000084400000, 0x0000000084400000, 0x0000000084500000|  0%| F|  |TAMS 0x0000000084400000| PB 0x0000000084400000| Untracked 
|  39|0x0000000084500000, 0x0000000084500000, 0x0000000084600000|  0%| F|  |TAMS 0x0000000084500000| PB 0x0000000084500000| Untracked 
|  40|0x0000000084600000, 0x0000000084600000, 0x0000000084700000|  0%| F|  |TAMS 0x0000000084600000| PB 0x0000000084600000| Untracked 
|  41|0x0000000084700000, 0x0000000084700000, 0x0000000084800000|  0%| F|  |TAMS 0x0000000084700000| PB 0x0000000084700000| Untracked 
|  42|0x0000000084800000, 0x0000000084800000, 0x0000000084900000|  0%| F|  |TAMS 0x0000000084800000| PB 0x0000000084800000| Untracked 
|  43|0x0000000084900000, 0x0000000084900000, 0x0000000084a00000|  0%| F|  |TAMS 0x0000000084900000| PB 0x0000000084900000| Untracked 
|  44|0x0000000084a00000, 0x0000000084a00000, 0x0000000084b00000|  0%| F|  |TAMS 0x0000000084a00000| PB 0x0000000084a00000| Untracked 
|  45|0x0000000084b00000, 0x0000000084b00000, 0x0000000084c00000|  0%| F|  |TAMS 0x0000000084b00000| PB 0x0000000084b00000| Untracked 
|  46|0x0000000084c00000, 0x0000000084c00000, 0x0000000084d00000|  0%| F|  |TAMS 0x0000000084c00000| PB 0x0000000084c00000| Untracked 
|  47|0x0000000084d00000, 0x0000000084d00000, 0x0000000084e00000|  0%| F|  |TAMS 0x0000000084d00000| PB 0x0000000084d00000| Untracked 
|  48|0x0000000084e00000, 0x0000000084e00000, 0x0000000084f00000|  0%| F|  |TAMS 0x0000000084e00000| PB 0x0000000084e00000| Untracked 
|  49|0x0000000084f00000, 0x0000000084f00000, 0x0000000085000000|  0%| F|  |TAMS 0x0000000084f00000| PB 0x0000000084f00000| Untracked 
|  50|0x0000000085000000, 0x0000000085000000, 0x0000000085100000|  0%| F|  |TAMS 0x0000000085000000| PB 0x0000000085000000| Untracked 
|  51|0x0000000085100000, 0x0000000085100000, 0x0000000085200000|  0%| F|  |TAMS 0x0000000085100000| PB 0x0000000085100000| Untracked 
|  52|0x0000000085200000, 0x0000000085200000, 0x0000000085300000|  0%| F|  |TAMS 0x0000000085200000| PB 0x0000000085200000| Untracked 
|  53|0x0000000085300000, 0x0000000085300000, 0x0000000085400000|  0%| F|  |TAMS 0x0000000085300000| PB 0x0000000085300000| Untracked 
|  54|0x0000000085400000, 0x0000000085400000, 0x0000000085500000|  0%| F|  |TAMS 0x0000000085400000| PB 0x0000000085400000| Untracked 
|  55|0x0000000085500000, 0x0000000085500000, 0x0000000085600000|  0%| F|  |TAMS 0x0000000085500000| PB 0x0000000085500000| Untracked 
|  56|0x0000000085600000, 0x0000000085600000, 0x0000000085700000|  0%| F|  |TAMS 0x0000000085600000| PB 0x0000000085600000| Untracked 
|  57|0x0000000085700000, 0x0000000085700000, 0x0000000085800000|  0%| F|  |TAMS 0x0000000085700000| PB 0x0000000085700000| Untracked 
|  58|0x0000000085800000, 0x0000000085800000, 0x0000000085900000|  0%| F|  |TAMS 0x0000000085800000| PB 0x0000000085800000| Untracked 
|  59|0x0000000085900000, 0x0000000085900000, 0x0000000085a00000|  0%| F|  |TAMS 0x0000000085900000| PB 0x0000000085900000| Untracked 
|  60|0x0000000085a00000, 0x0000000085a00000, 0x0000000085b00000|  0%| F|  |TAMS 0x0000000085a00000| PB 0x0000000085a00000| Untracked 
|  61|0x0000000085b00000, 0x0000000085b00000, 0x0000000085c00000|  0%| F|  |TAMS 0x0000000085b00000| PB 0x0000000085b00000| Untracked 
|  62|0x0000000085c00000, 0x0000000085c00000, 0x0000000085d00000|  0%| F|  |TAMS 0x0000000085c00000| PB 0x0000000085c00000| Untracked 
|  63|0x0000000085d00000, 0x0000000085d00000, 0x0000000085e00000|  0%| F|  |TAMS 0x0000000085d00000| PB 0x0000000085d00000| Untracked 
|  64|0x0000000085e00000, 0x0000000085e00000, 0x0000000085f00000|  0%| F|  |TAMS 0x0000000085e00000| PB 0x0000000085e00000| Untracked 
|  65|0x0000000085f00000, 0x0000000085f00000, 0x0000000086000000|  0%| F|  |TAMS 0x0000000085f00000| PB 0x0000000085f00000| Untracked 
|  66|0x0000000086000000, 0x0000000086000000, 0x0000000086100000|  0%| F|  |TAMS 0x0000000086000000| PB 0x0000000086000000| Untracked 
|  67|0x0000000086100000, 0x0000000086100000, 0x0000000086200000|  0%| F|  |TAMS 0x0000000086100000| PB 0x0000000086100000| Untracked 
|  68|0x0000000086200000, 0x0000000086200000, 0x0000000086300000|  0%| F|  |TAMS 0x0000000086200000| PB 0x0000000086200000| Untracked 
|  69|0x0000000086300000, 0x0000000086300000, 0x0000000086400000|  0%| F|  |TAMS 0x0000000086300000| PB 0x0000000086300000| Untracked 
|  70|0x0000000086400000, 0x0000000086400000, 0x0000000086500000|  0%| F|  |TAMS 0x0000000086400000| PB 0x0000000086400000| Untracked 
|  71|0x0000000086500000, 0x0000000086500000, 0x0000000086600000|  0%| F|  |TAMS 0x0000000086500000| PB 0x0000000086500000| Untracked 
|  72|0x0000000086600000, 0x0000000086600000, 0x0000000086700000|  0%| F|  |TAMS 0x0000000086600000| PB 0x0000000086600000| Untracked 
|  73|0x0000000086700000, 0x0000000086700000, 0x0000000086800000|  0%| F|  |TAMS 0x0000000086700000| PB 0x0000000086700000| Untracked 
|  74|0x0000000086800000, 0x0000000086800000, 0x0000000086900000|  0%| F|  |TAMS 0x0000000086800000| PB 0x0000000086800000| Untracked 
|  75|0x0000000086900000, 0x0000000086900000, 0x0000000086a00000|  0%| F|  |TAMS 0x0000000086900000| PB 0x0000000086900000| Untracked 
|  76|0x0000000086a00000, 0x0000000086a00000, 0x0000000086b00000|  0%| F|  |TAMS 0x0000000086a00000| PB 0x0000000086a00000| Untracked 
|  77|0x0000000086b00000, 0x0000000086b00000, 0x0000000086c00000|  0%| F|  |TAMS 0x0000000086b00000| PB 0x0000000086b00000| Untracked 
|  78|0x0000000086c00000, 0x0000000086c00000, 0x0000000086d00000|  0%| F|  |TAMS 0x0000000086c00000| PB 0x0000000086c00000| Untracked 
|  79|0x0000000086d00000, 0x0000000086d00000, 0x0000000086e00000|  0%| F|  |TAMS 0x0000000086d00000| PB 0x0000000086d00000| Untracked 
|  80|0x0000000086e00000, 0x0000000086e00000, 0x0000000086f00000|  0%| F|  |TAMS 0x0000000086e00000| PB 0x0000000086e00000| Untracked 
|  81|0x0000000086f00000, 0x0000000086f00000, 0x0000000087000000|  0%| F|  |TAMS 0x0000000086f00000| PB 0x0000000086f00000| Untracked 
|  82|0x0000000087000000, 0x0000000087000000, 0x0000000087100000|  0%| F|  |TAMS 0x0000000087000000| PB 0x0000000087000000| Untracked 
|  83|0x0000000087100000, 0x0000000087100000, 0x0000000087200000|  0%| F|  |TAMS 0x0000000087100000| PB 0x0000000087100000| Untracked 
|  84|0x0000000087200000, 0x0000000087200000, 0x0000000087300000|  0%| F|  |TAMS 0x0000000087200000| PB 0x0000000087200000| Untracked 
|  85|0x0000000087300000, 0x0000000087300000, 0x0000000087400000|  0%| F|  |TAMS 0x0000000087300000| PB 0x0000000087300000| Untracked 
|  86|0x0000000087400000, 0x0000000087400000, 0x0000000087500000|  0%| F|  |TAMS 0x0000000087400000| PB 0x0000000087400000| Untracked 
|  87|0x0000000087500000, 0x0000000087500000, 0x0000000087600000|  0%| F|  |TAMS 0x0000000087500000| PB 0x0000000087500000| Untracked 
|  88|0x0000000087600000, 0x0000000087600000, 0x0000000087700000|  0%| F|  |TAMS 0x0000000087600000| PB 0x0000000087600000| Untracked 
|  89|0x0000000087700000, 0x0000000087700000, 0x0000000087800000|  0%| F|  |TAMS 0x0000000087700000| PB 0x0000000087700000| Untracked 
|  90|0x0000000087800000, 0x0000000087800000, 0x0000000087900000|  0%| F|  |TAMS 0x0000000087800000| PB 0x0000000087800000| Untracked 
|  91|0x0000000087900000, 0x0000000087900000, 0x0000000087a00000|  0%| F|  |TAMS 0x0000000087900000| PB 0x0000000087900000| Untracked 
|  92|0x0000000087a00000, 0x0000000087a00000, 0x0000000087b00000|  0%| F|  |TAMS 0x0000000087a00000| PB 0x0000000087a00000| Untracked 
|  93|0x0000000087b00000, 0x0000000087b00000, 0x0000000087c00000|  0%| F|  |TAMS 0x0000000087b00000| PB 0x0000000087b00000| Untracked 
|  94|0x0000000087c00000, 0x0000000087c00000, 0x0000000087d00000|  0%| F|  |TAMS 0x0000000087c00000| PB 0x0000000087c00000| Untracked 
|  95|0x0000000087d00000, 0x0000000087d00000, 0x0000000087e00000|  0%| F|  |TAMS 0x0000000087d00000| PB 0x0000000087d00000| Untracked 
|  96|0x0000000087e00000, 0x0000000087e00000, 0x0000000087f00000|  0%| F|  |TAMS 0x0000000087e00000| PB 0x0000000087e00000| Untracked 
|  97|0x0000000087f00000, 0x0000000087f00000, 0x0000000088000000|  0%| F|  |TAMS 0x0000000087f00000| PB 0x0000000087f00000| Untracked 
|  98|0x0000000088000000, 0x0000000088000000, 0x0000000088100000|  0%| F|  |TAMS 0x0000000088000000| PB 0x0000000088000000| Untracked 
|  99|0x0000000088100000, 0x0000000088100000, 0x0000000088200000|  0%| F|  |TAMS 0x0000000088100000| PB 0x0000000088100000| Untracked 
| 100|0x0000000088200000, 0x0000000088200000, 0x0000000088300000|  0%| F|  |TAMS 0x0000000088200000| PB 0x0000000088200000| Untracked 
| 101|0x0000000088300000, 0x0000000088300000, 0x0000000088400000|  0%| F|  |TAMS 0x0000000088300000| PB 0x0000000088300000| Untracked 
| 102|0x0000000088400000, 0x0000000088500000, 0x0000000088500000|100%| S|CS|TAMS 0x0000000088400000| PB 0x0000000088400000| Complete 
| 103|0x0000000088500000, 0x0000000088600000, 0x0000000088600000|100%| S|CS|TAMS 0x0000000088500000| PB 0x0000000088500000| Complete 
| 104|0x0000000088600000, 0x0000000088700000, 0x0000000088700000|100%| S|CS|TAMS 0x0000000088600000| PB 0x0000000088600000| Complete 
| 105|0x0000000088700000, 0x0000000088700000, 0x0000000088800000|  0%| F|  |TAMS 0x0000000088700000| PB 0x0000000088700000| Untracked 
| 106|0x0000000088800000, 0x0000000088800000, 0x0000000088900000|  0%| F|  |TAMS 0x0000000088800000| PB 0x0000000088800000| Untracked 
| 107|0x0000000088900000, 0x0000000088900000, 0x0000000088a00000|  0%| F|  |TAMS 0x0000000088900000| PB 0x0000000088900000| Untracked 
| 108|0x0000000088a00000, 0x0000000088a00000, 0x0000000088b00000|  0%| F|  |TAMS 0x0000000088a00000| PB 0x0000000088a00000| Untracked 
| 109|0x0000000088b00000, 0x0000000088b00000, 0x0000000088c00000|  0%| F|  |TAMS 0x0000000088b00000| PB 0x0000000088b00000| Untracked 
| 110|0x0000000088c00000, 0x0000000088c00000, 0x0000000088d00000|  0%| F|  |TAMS 0x0000000088c00000| PB 0x0000000088c00000| Untracked 
| 111|0x0000000088d00000, 0x0000000088d00000, 0x0000000088e00000|  0%| F|  |TAMS 0x0000000088d00000| PB 0x0000000088d00000| Untracked 
| 112|0x0000000088e00000, 0x0000000088e00000, 0x0000000088f00000|  0%| F|  |TAMS 0x0000000088e00000| PB 0x0000000088e00000| Untracked 
| 113|0x0000000088f00000, 0x0000000088f52238, 0x0000000089000000| 32%| E|  |TAMS 0x0000000088f00000| PB 0x0000000088f00000| Complete 
| 114|0x0000000089000000, 0x0000000089100000, 0x0000000089100000|100%| E|CS|TAMS 0x0000000089000000| PB 0x0000000089000000| Complete 
| 115|0x0000000089100000, 0x0000000089200000, 0x0000000089200000|100%| E|CS|TAMS 0x0000000089100000| PB 0x0000000089100000| Complete 
| 116|0x0000000089200000, 0x0000000089300000, 0x0000000089300000|100%| E|CS|TAMS 0x0000000089200000| PB 0x0000000089200000| Complete 
| 117|0x0000000089300000, 0x0000000089400000, 0x0000000089400000|100%| E|CS|TAMS 0x0000000089300000| PB 0x0000000089300000| Complete 
| 118|0x0000000089400000, 0x0000000089500000, 0x0000000089500000|100%| E|CS|TAMS 0x0000000089400000| PB 0x0000000089400000| Complete 
| 119|0x0000000089500000, 0x0000000089600000, 0x0000000089600000|100%| E|CS|TAMS 0x0000000089500000| PB 0x0000000089500000| Complete 
| 120|0x0000000089600000, 0x0000000089700000, 0x0000000089700000|100%| E|CS|TAMS 0x0000000089600000| PB 0x0000000089600000| Complete 
| 121|0x0000000089700000, 0x0000000089800000, 0x0000000089800000|100%| E|CS|TAMS 0x0000000089700000| PB 0x0000000089700000| Complete 
| 122|0x0000000089800000, 0x0000000089900000, 0x0000000089900000|100%| E|CS|TAMS 0x0000000089800000| PB 0x0000000089800000| Complete 
| 123|0x0000000089900000, 0x0000000089a00000, 0x0000000089a00000|100%| E|CS|TAMS 0x0000000089900000| PB 0x0000000089900000| Complete 
| 124|0x0000000089a00000, 0x0000000089b00000, 0x0000000089b00000|100%| E|CS|TAMS 0x0000000089a00000| PB 0x0000000089a00000| Complete 
| 125|0x0000000089b00000, 0x0000000089c00000, 0x0000000089c00000|100%| E|CS|TAMS 0x0000000089b00000| PB 0x0000000089b00000| Complete 
| 126|0x0000000089c00000, 0x0000000089d00000, 0x0000000089d00000|100%| E|CS|TAMS 0x0000000089c00000| PB 0x0000000089c00000| Complete 
| 127|0x0000000089d00000, 0x0000000089e00000, 0x0000000089e00000|100%| E|CS|TAMS 0x0000000089d00000| PB 0x0000000089d00000| Complete 

Card table byte_map: [0x000001f09f4b0000,0x000001f09f8b0000] _byte_map_base: 0x000001f09f0a1000

Marking Bits: (CMBitMap*) 0x000001f085e0bf20
 Bits: [0x000001f09fcb0000, 0x000001f0a1c38000)

Polling page: 0x000001f08f610000

Metaspace:

Usage:
  Non-class:     11.69 MB used.
      Class:      1.53 MB used.
       Both:     13.22 MB used.

Virtual space:
  Non-class space:       64.00 MB reserved,      11.81 MB ( 18%) committed,  1 nodes.
      Class space:        1.00 GB reserved,       1.62 MB ( <1%) committed,  1 nodes.
             Both:        1.06 GB reserved,      13.44 MB (  1%) committed. 

Chunk freelists:
   Non-Class:  176.00 KB
       Class:  2.20 MB
        Both:  2.37 MB

MaxMetaspaceSize: unlimited
CompressedClassSpaceSize: 1.00 GB
Initial GC threshold: 21.00 MB
Current GC threshold: 21.00 MB
CDS: on
MetaspaceReclaimPolicy: balanced
 - commit_granule_bytes: 65536.
 - commit_granule_words: 8192.
 - virtual_space_node_default_size: 8388608.
 - enlarge_chunks_in_place: 1.
 - new_chunks_are_fully_committed: 0.
 - uncommit_free_chunks: 1.
 - use_allocation_guard: 0.


Internal statistics:

num_allocs_failed_limit: 0.
num_arena_births: 162.
num_arena_deaths: 0.
num_vsnodes_births: 2.
num_vsnodes_deaths: 0.
num_space_committed: 215.
num_space_uncommitted: 0.
num_chunks_returned_to_freelist: 0.
num_chunks_taken_from_freelist: 520.
num_chunk_merges: 0.
num_chunk_splits: 362.
num_chunks_enlarged: 267.
num_inconsistent_stats: 0.

CodeHeap 'non-profiled nmethods': size=120000Kb used=539Kb max_used=539Kb free=119460Kb
 bounds [0x000001f097100000, 0x000001f097370000, 0x000001f09e630000]
CodeHeap 'profiled nmethods': size=120000Kb used=2555Kb max_used=2555Kb free=117444Kb
 bounds [0x000001f08f630000, 0x000001f08f8b0000, 0x000001f096b60000]
CodeHeap 'non-nmethods': size=5760Kb used=1494Kb max_used=1512Kb free=4265Kb
 bounds [0x000001f096b60000, 0x000001f096dd0000, 0x000001f097100000]
 total_blobs=1915 nmethods=1392 adapters=434
 compilation: enabled
              stopped_count=0, restarted_count=0
 full_count=0

Compilation events (20 events):
Event: 3.204 Thread 0x000001f0a4760c70 nmethod 1381 0x000001f097184990 code [0x000001f097184b00, 0x000001f097184bc8]
Event: 3.204 Thread 0x000001f0a4760c70 1383       3       jdk.internal.org.objectweb.asm.MethodWriter::<init> (232 bytes)
Event: 3.206 Thread 0x000001f0a4760c70 nmethod 1383 0x000001f08f8a7c10 code [0x000001f08f8a7e80, 0x000001f08f8a8bd8]
Event: 3.206 Thread 0x000001f0a4760c70 1387       3       jdk.internal.org.objectweb.asm.MethodWriter::computeMethodInfoSize (571 bytes)
Event: 3.208 Thread 0x000001f0a47402e0 1391       4       java.util.ArrayList::add (25 bytes)
Event: 3.210 Thread 0x000001f0a4760c70 nmethod 1387 0x000001f08f8a9090 code [0x000001f08f8a9380, 0x000001f08f8aa228]
Event: 3.210 Thread 0x000001f0a4760c70 1382       3       jdk.internal.org.objectweb.asm.ClassWriter::visitMethod (57 bytes)
Event: 3.211 Thread 0x000001f0a4760c70 nmethod 1382 0x000001f08f8aa890 code [0x000001f08f8aaa40, 0x000001f08f8aada0]
Event: 3.211 Thread 0x000001f0a4760c70 1384       3       jdk.internal.org.objectweb.asm.MethodVisitor::<init> (7 bytes)
Event: 3.212 Thread 0x000001f0a4760c70 nmethod 1384 0x000001f08f8aaf10 code [0x000001f08f8ab0a0, 0x000001f08f8ab1e0]
Event: 3.212 Thread 0x000001f0a4760c70 1385       3       jdk.internal.org.objectweb.asm.MethodWriter::visitMaxs (60 bytes)
Event: 3.212 Thread 0x000001f0a4760c70 nmethod 1385 0x000001f08f8ab290 code [0x000001f08f8ab460, 0x000001f08f8ab728]
Event: 3.213 Thread 0x000001f0a4760c70 1386       3       jdk.internal.org.objectweb.asm.MethodWriter::visitEnd (1 bytes)
Event: 3.213 Thread 0x000001f0a4760c70 nmethod 1386 0x000001f08f8ab810 code [0x000001f08f8ab9a0, 0x000001f08f8abab0]
Event: 3.213 Thread 0x000001f0a4760c70 1392       3       java.lang.Integer::parseInt (264 bytes)
Event: 3.216 Thread 0x000001f0a47402e0 nmethod 1391 0x000001f097185590 code [0x000001f097185720, 0x000001f0971859e8]
Event: 3.216 Thread 0x000001f0a47402e0 1393       4       java.util.HashMap::put (13 bytes)
Event: 3.217 Thread 0x000001f0a4760c70 nmethod 1392 0x000001f08f8abb10 code [0x000001f08f8abf20, 0x000001f08f8adc00]
Event: 3.217 Thread 0x000001f0a4760c70 1394       3       java.util.jar.JarFile::maybeInstantiateVerifier (42 bytes)
Event: 3.219 Thread 0x000001f0a4760c70 nmethod 1394 0x000001f08f8ae810 code [0x000001f08f8ae9e0, 0x000001f08f8aed60]

GC Heap History (2 events):
Event: 2.701 GC heap before
{Heap before GC invocations=0 (full 0):
 garbage-first heap   total 131072K, used 22528K [0x0000000081e00000, 0x0000000100000000)
  region size 1024K, 23 young (23552K), 0 survivors (0K)
 Metaspace       used 9549K, committed 9728K, reserved 1114112K
  class space    used 1132K, committed 1216K, reserved 1048576K
}
Event: 2.710 GC heap after
{Heap after GC invocations=1 (full 0):
 garbage-first heap   total 131072K, used 6272K [0x0000000081e00000, 0x0000000100000000)
  region size 1024K, 3 young (3072K), 3 survivors (3072K)
 Metaspace       used 9549K, committed 9728K, reserved 1114112K
  class space    used 1132K, committed 1216K, reserved 1048576K
}

Dll operation events (11 events):
Event: 0.017 Loaded shared library C:\Program Files\Java\jdk-20\bin\java.dll
Event: 0.037 Loaded shared library C:\Program Files\Java\jdk-20\bin\jsvml.dll
Event: 0.198 Loaded shared library C:\Program Files\Java\jdk-20\bin\net.dll
Event: 0.201 Loaded shared library C:\Program Files\Java\jdk-20\bin\nio.dll
Event: 0.212 Loaded shared library C:\Program Files\Java\jdk-20\bin\zip.dll
Event: 0.315 Loaded shared library C:\Program Files\Java\jdk-20\bin\verify.dll
Event: 0.331 Loaded shared library C:\Program Files\Java\jdk-20\bin\jimage.dll
Event: 1.440 Loaded shared library C:\Program Files\Java\jdk-20\bin\management.dll
Event: 1.456 Loaded shared library C:\Program Files\Java\jdk-20\bin\management_ext.dll
Event: 2.151 Loaded shared library C:\Program Files\Java\jdk-20\bin\sunmscapi.dll
Event: 2.183 Loaded shared library C:\Program Files\Java\jdk-20\bin\extnet.dll

Deoptimization events (20 events):
Event: 3.115 Thread 0x000001f0a8a4b550 Uncommon trap: trap_request=0xffffff45 fr.pc=0x000001f09716ff3c relative=0x000000000000029c
Event: 3.115 Thread 0x000001f0a8a4b550 Uncommon trap: reason=unstable_if action=reinterpret pc=0x000001f09716ff3c method=java.util.concurrent.ConcurrentHashMap.get(Ljava/lang/Object;)Ljava/lang/Object; @ 76 c2
Event: 3.115 Thread 0x000001f0a8a4b550 DEOPT PACKING pc=0x000001f09716ff3c sp=0x000000cd73dfdf30
Event: 3.115 Thread 0x000001f0a8a4b550 DEOPT UNPACKING pc=0x000001f096bc9d22 sp=0x000000cd73dfdea8 mode 2
Event: 3.147 Thread 0x000001f0a8a4b550 Uncommon trap: trap_request=0xffffff45 fr.pc=0x000001f0971306ec relative=0x000000000000006c
Event: 3.147 Thread 0x000001f0a8a4b550 Uncommon trap: reason=unstable_if action=reinterpret pc=0x000001f0971306ec method=java.util.jar.JarFile.checkForSpecialAttributes()V @ 4 c2
Event: 3.147 Thread 0x000001f0a8a4b550 DEOPT PACKING pc=0x000001f0971306ec sp=0x000000cd73dfe3f0
Event: 3.147 Thread 0x000001f0a8a4b550 DEOPT UNPACKING pc=0x000001f096bc9d22 sp=0x000000cd73dfe358 mode 2
Event: 3.208 Thread 0x000001f0a8a4b550 Uncommon trap: trap_request=0xffffff45 fr.pc=0x000001f097159538 relative=0x00000000000000b8
Event: 3.208 Thread 0x000001f0a8a4b550 Uncommon trap: reason=unstable_if action=reinterpret pc=0x000001f097159538 method=java.lang.CharacterDataLatin1.digit(II)I @ 12 c2
Event: 3.208 Thread 0x000001f0a8a4b550 DEOPT PACKING pc=0x000001f097159538 sp=0x000000cd73dfdf80
Event: 3.208 Thread 0x000001f0a8a4b550 DEOPT UNPACKING pc=0x000001f096bc9d22 sp=0x000000cd73dfdef8 mode 2
Event: 3.208 Thread 0x000001f0a8a4b550 Uncommon trap: trap_request=0xffffff45 fr.pc=0x000001f09715a00c relative=0x00000000000002cc
Event: 3.208 Thread 0x000001f0a8a4b550 Uncommon trap: reason=unstable_if action=reinterpret pc=0x000001f09715a00c method=java.lang.CharacterDataLatin1.digit(II)I @ 12 c2
Event: 3.208 Thread 0x000001f0a8a4b550 DEOPT PACKING pc=0x000001f09715a00c sp=0x000000cd73dfdf60
Event: 3.208 Thread 0x000001f0a8a4b550 DEOPT UNPACKING pc=0x000001f096bc9d22 sp=0x000000cd73dfdd80 mode 2
Event: 3.211 Thread 0x000001f0a8a4b550 Uncommon trap: trap_request=0xffffff45 fr.pc=0x000001f097155b84 relative=0x0000000000000104
Event: 3.212 Thread 0x000001f0a8a4b550 Uncommon trap: reason=unstable_if action=reinterpret pc=0x000001f097155b84 method=java.lang.CharacterDataLatin1.digit(II)I @ 12 c2
Event: 3.212 Thread 0x000001f0a8a4b550 DEOPT PACKING pc=0x000001f097155b84 sp=0x000000cd73dfdec0
Event: 3.212 Thread 0x000001f0a8a4b550 DEOPT UNPACKING pc=0x000001f096bc9d22 sp=0x000000cd73dfdd78 mode 2

Classes loaded (20 events):
Event: 3.145 Loading class sun/net/www/protocol/jar/URLJarFile$URLJarFileCloseController done
Event: 3.145 Loading class sun/net/www/protocol/jar/JarFileFactory done
Event: 3.145 Loading class sun/net/www/protocol/jar/URLJarFile
Event: 3.145 Loading class sun/net/www/protocol/jar/URLJarFile done
Event: 3.147 Loading class sun/net/www/protocol/jar/URLJarFile$URLJarFileEntry
Event: 3.148 Loading class sun/net/www/protocol/jar/URLJarFile$URLJarFileEntry done
Event: 3.148 Loading class sun/net/www/protocol/jar/JarURLConnection$JarURLInputStream
Event: 3.148 Loading class sun/net/www/protocol/jar/JarURLConnection$JarURLInputStream done
Event: 3.188 Loading class java/lang/invoke/MethodHandle$1
Event: 3.188 Loading class java/lang/invoke/MethodHandle$1 done
Event: 3.199 Loading class java/util/LinkedList$Node
Event: 3.199 Loading class java/util/LinkedList$Node done
Event: 3.199 Loading class java/util/concurrent/ThreadPoolExecutor$Worker
Event: 3.199 Loading class java/util/concurrent/ThreadPoolExecutor$Worker done
Event: 3.208 Loading class sun/nio/fs/WindowsFileCopy
Event: 3.209 Loading class sun/nio/fs/WindowsFileCopy done
Event: 3.210 Loading class java/math/MathContext
Event: 3.210 Loading class java/math/MathContext done
Event: 3.211 Loading class java/lang/NegativeArraySizeException
Event: 3.211 Loading class java/lang/NegativeArraySizeException done

Classes unloaded (0 events):
No events

Classes redefined (0 events):
No events

Internal exceptions (20 events):
Event: 2.670 Thread 0x000001f0a8a49020 Exception <a 'java/lang/IncompatibleClassChangeError'{0x00000000888b95d8}: Found class java.lang.Object, but interface was expected> (0x00000000888b95d8) 
thrown [s\open\src\hotspot\share\interpreter\linkResolver.cpp, line 840]
Event: 2.674 Thread 0x000001f0a8a4b550 Exception <a 'java/lang/NoSuchMethodError'{0x0000000088706a60}: 'int java.lang.invoke.DirectMethodHandle$Holder.invokeInterface(java.lang.Object, java.lang.Object)'> (0x0000000088706a60) 
thrown [s\open\src\hotspot\share\interpreter\linkResolver.cpp, line 773]
Event: 2.674 Thread 0x000001f0a8a4b550 Exception <a 'java/lang/IncompatibleClassChangeError'{0x000000008870a028}: Found class java.lang.Object, but interface was expected> (0x000000008870a028) 
thrown [s\open\src\hotspot\share\interpreter\linkResolver.cpp, line 840]
Event: 2.675 Thread 0x000001f0a8a49020 Exception <a 'java/lang/NoSuchMethodError'{0x00000000888d6bf8}: 'java.lang.Object java.lang.invoke.DirectMethodHandle$Holder.newInvokeSpecial(java.lang.Object, java.lang.Object, java.lang.Object, java.lang.Object, java.lang.Object, java.lang.Object, java.lang.Object, java.lang.Object, java.lang.Object, java.lang.Object, java.lang.Object, java.lang.Object)'> (0x00000000888d6bf8) 
thrown [s\open\src\hotspot\share\interpreter\linkResolver.cpp, line 773]
Event: 2.676 Thread 0x000001f0a8a4b550 Exception <a 'java/lang/NoSuchMethodError'{0x0000000088710da8}: 'java.lang.Object java.lang.invoke.Invokers$Holder.invokeExact_MT(java.lang.Object, java.lang.Object, java.lang.Object, java.lang.Object, java.lang.Object, java.lang.Object)'> (0x0000000088710da8) 
thrown [s\open\src\hotspot\share\interpreter\linkResolver.cpp, line 773]
Event: 2.677 Thread 0x000001f0a8a49020 Exception <a 'java/lang/NoSuchMethodError'{0x00000000888db490}: 'java.lang.Object java.lang.invoke.DirectMethodHandle$Holder.invokeSpecial(java.lang.Object, java.lang.Object, java.lang.Object, java.lang.Object, java.lang.Object, java.lang.Object, java.lang.Object, java.lang.Object, java.lang.Object, java.lang.Object, java.lang.Object, java.lang.Object, java.lang.Object)'> (0x00000000888db490) 
thrown [s\open\src\hotspot\share\interpreter\linkResolver.cpp, line 773]
Event: 2.677 Thread 0x000001f0a8a49020 Exception <a 'java/lang/NoSuchMethodError'{0x00000000888df968}: 'java.lang.Object java.lang.invoke.Invokers$Holder.linkToTargetMethod(java.lang.Object, java.lang.Object, java.lang.Object, java.lang.Object, java.lang.Object, java.lang.Object, java.lang.Object, java.lang.Object, java.lang.Object, java.lang.Object, java.lang.Object, java.lang.Object)'> (0x00000000888df968) 
thrown [s\open\src\hotspot\share\interpreter\linkResolver.cpp, line 773]
Event: 3.069 Thread 0x000001f0a8a4b550 Exception <a 'java/lang/NoSuchMethodError'{0x00000000892de1f8}: 'void java.lang.invoke.DirectMethodHandle$Holder.invokeSpecial(java.lang.Object, java.lang.Object, java.lang.Object, java.lang.Object, java.lang.Object)'> (0x00000000892de1f8) 
thrown [s\open\src\hotspot\share\interpreter\linkResolver.cpp, line 773]
Event: 3.106 Thread 0x000001f0a8a4b550 Exception <a 'java/lang/NoSuchMethodError'{0x0000000089154f20}: 'java.lang.Object java.lang.invoke.DirectMethodHandle$Holder.newInvokeSpecial(java.lang.Object, java.lang.Object, java.lang.Object, java.lang.Object, java.lang.Object)'> (0x0000000089154f20) 
thrown [s\open\src\hotspot\share\interpreter\linkResolver.cpp, line 773]
Event: 3.129 Thread 0x000001f0a8a4b550 Exception <a 'java/lang/NoSuchMethodError'{0x00000000891c9140}: 'org.slf4j.impl.StaticMDCBinder org.slf4j.impl.StaticMDCBinder.getSingleton()'> (0x00000000891c9140) 
thrown [s\open\src\hotspot\share\interpreter\linkResolver.cpp, line 773]
Event: 3.166 Thread 0x000001f0a8a4b550 Exception <a 'java/lang/NoSuchMethodError'{0x000000008901c4c0}: 'void java.lang.invoke.DirectMethodHandle$Holder.invokeStaticInit(java.lang.Object, java.lang.Object)'> (0x000000008901c4c0) 
thrown [s\open\src\hotspot\share\interpreter\linkResolver.cpp, line 773]
Event: 3.200 Thread 0x000001f0a9d88cb0 Exception <a 'java/lang/NoSuchMethodError'{0x000000008909e8f8}: 'void java.lang.invoke.DirectMethodHandle$Holder.invokeStatic(java.lang.Object, java.lang.Object, java.lang.Object, java.lang.Object)'> (0x000000008909e8f8) 
thrown [s\open\src\hotspot\share\interpreter\linkResolver.cpp, line 773]
Event: 3.204 Thread 0x000001f0a8a4b550 Exception <a 'java/lang/NoSuchMethodError'{0x00000000890bee40}: 'void java.lang.invoke.DirectMethodHandle$Holder.invokeStatic(java.lang.Object, java.lang.Object, java.lang.Object, int, java.lang.Object)'> (0x00000000890bee40) 
thrown [s\open\src\hotspot\share\interpreter\linkResolver.cpp, line 773]
Event: 3.205 Thread 0x000001f0a8a4b550 Exception <a 'java/lang/NoSuchMethodError'{0x00000000890c5f50}: 'java.lang.Object java.lang.invoke.DirectMethodHandle$Holder.newInvokeSpecial(java.lang.Object, java.lang.Object, java.lang.Object, int)'> (0x00000000890c5f50) 
thrown [s\open\src\hotspot\share\interpreter\linkResolver.cpp, line 773]
Event: 3.206 Thread 0x000001f0a8a4b550 Exception <a 'java/lang/NoSuchMethodError'{0x00000000890ca0a8}: 'java.lang.Object java.lang.invoke.DirectMethodHandle$Holder.invokeSpecial(java.lang.Object, java.lang.Object, java.lang.Object, java.lang.Object, int)'> (0x00000000890ca0a8) 
thrown [s\open\src\hotspot\share\interpreter\linkResolver.cpp, line 773]
Event: 3.207 Thread 0x000001f0a8a4b550 Exception <a 'java/lang/NoSuchMethodError'{0x00000000890cd9f0}: 'java.lang.Object java.lang.invoke.Invokers$Holder.linkToTargetMethod(java.lang.Object, java.lang.Object, int, java.lang.Object)'> (0x00000000890cd9f0) 
thrown [s\open\src\hotspot\share\interpreter\linkResolver.cpp, line 773]
Event: 3.209 Thread 0x000001f0a9d88cb0 Exception <a 'sun/nio/fs/WindowsException'{0x00000000890a8da0}> (0x00000000890a8da0) 
thrown [s\open\src\hotspot\share\prims\jni.cpp, line 519]
Event: 3.213 Thread 0x000001f0a8a4b550 Exception <a 'java/lang/ArrayIndexOutOfBoundsException'{0x00000000890dafb0}: Index 0 out of bounds for length 0> (0x00000000890dafb0) 
thrown [s\open\src\hotspot\share\interpreter\interpreterRuntime.cpp, line 439]
Event: 3.213 Thread 0x000001f0a8a4b550 Exception <a 'java/lang/ArrayIndexOutOfBoundsException'{0x00000000890ec098}: Index 0 out of bounds for length 0> (0x00000000890ec098) 
thrown [s\open\src\hotspot\share\interpreter\interpreterRuntime.cpp, line 439]
Event: 3.214 Thread 0x000001f0a8a4b550 Exception <a 'java/lang/ArrayIndexOutOfBoundsException'{0x00000000890f91a0}: Index 0 out of bounds for length 0> (0x00000000890f91a0) 
thrown [s\open\src\hotspot\share\interpreter\interpreterRuntime.cpp, line 439]

VM Operations (20 events):
Event: 2.071 Executing VM operation: HandshakeAllThreads
Event: 2.071 Executing VM operation: HandshakeAllThreads done
Event: 2.071 Executing VM operation: HandshakeAllThreads
Event: 2.072 Executing VM operation: HandshakeAllThreads done
Event: 2.080 Executing VM operation: HandshakeAllThreads
Event: 2.080 Executing VM operation: HandshakeAllThreads done
Event: 2.100 Executing VM operation: HandshakeAllThreads
Event: 2.100 Executing VM operation: HandshakeAllThreads done
Event: 2.652 Executing VM operation: HandshakeAllThreads
Event: 2.652 Executing VM operation: HandshakeAllThreads done
Event: 2.652 Executing VM operation: Cleanup
Event: 2.652 Executing VM operation: Cleanup done
Event: 2.654 Executing VM operation: HandshakeAllThreads
Event: 2.654 Executing VM operation: HandshakeAllThreads done
Event: 2.701 Executing VM operation: G1CollectForAllocation
Event: 2.710 Executing VM operation: G1CollectForAllocation done
Event: 3.146 Executing VM operation: HandshakeAllThreads
Event: 3.146 Executing VM operation: HandshakeAllThreads done
Event: 3.146 Executing VM operation: HandshakeAllThreads
Event: 3.146 Executing VM operation: HandshakeAllThreads done

Events (20 events):
Event: 0.066 Thread 0x000001f0a4722e80 Thread added: 0x000001f0a4722e80
Event: 0.066 Thread 0x000001f0a4729c00 Thread added: 0x000001f0a4729c00
Event: 0.066 Thread 0x000001f0a472a540 Thread added: 0x000001f0a472a540
Event: 0.066 Thread 0x000001f0a4734ea0 Thread added: 0x000001f0a4734ea0
Event: 0.066 Thread 0x000001f0a47402e0 Thread added: 0x000001f0a47402e0
Event: 0.066 Thread 0x000001f0a4760c70 Thread added: 0x000001f0a4760c70
Event: 0.184 Thread 0x000001f0a8a4baa0 Thread added: 0x000001f0a8a4baa0
Event: 0.189 Thread 0x000001f0a8a4bff0 Thread added: 0x000001f0a8a4bff0
Event: 0.260 Thread 0x000001f0a8a64e60 Thread added: 0x000001f0a8a64e60
Event: 1.019 Thread 0x000001f0a8a64e60 Thread exited: 0x000001f0a8a64e60
Event: 1.303 Thread 0x000001f0a9108820 Thread added: 0x000001f0a9108820
Event: 1.472 Thread 0x000001f0a9108820 Thread exited: 0x000001f0a9108820
Event: 1.794 Thread 0x000001f0a8a4aab0 Thread added: 0x000001f0a8a4aab0
Event: 2.106 Thread 0x000001f0a951c030 Thread added: 0x000001f0a951c030
Event: 2.358 Thread 0x000001f0a8a49ac0 Thread added: 0x000001f0a8a49ac0
Event: 2.649 Thread 0x000001f0a8a49020 Thread added: 0x000001f0a8a49020
Event: 2.654 Thread 0x000001f085da5710 Thread exited: 0x000001f085da5710
Event: 2.654 Thread 0x000001f0a8a49570 Thread added: 0x000001f0a8a49570
Event: 2.665 Thread 0x000001f0a8a4b550 Thread added: 0x000001f0a8a4b550
Event: 3.200 Thread 0x000001f0a9d88cb0 Thread added: 0x000001f0a9d88cb0


Dynamic libraries:
0x00007ff671d80000 - 0x00007ff671d90000 	C:\Program Files\Java\jdk-20\bin\java.exe
0x00007ff82cbb0000 - 0x00007ff82cda8000 	C:\WINDOWS\SYSTEM32\ntdll.dll
0x00007ff82bde0000 - 0x00007ff82be9f000 	C:\WINDOWS\System32\KERNEL32.DLL
0x00007ff82a3c0000 - 0x00007ff82a6b6000 	C:\WINDOWS\System32\KERNELBASE.dll
0x00007ff82a6c0000 - 0x00007ff82a7c0000 	C:\WINDOWS\System32\ucrtbase.dll
0x00007ff81e450000 - 0x00007ff81e469000 	C:\Program Files\Java\jdk-20\bin\jli.dll
0x00007ff8155d0000 - 0x00007ff8155eb000 	C:\Program Files\Java\jdk-20\bin\VCRUNTIME140.dll
0x00007ff82b260000 - 0x00007ff82b30f000 	C:\WINDOWS\System32\ADVAPI32.dll
0x00007ff82cad0000 - 0x00007ff82cb6e000 	C:\WINDOWS\System32\msvcrt.dll
0x00007ff82b1c0000 - 0x00007ff82b25c000 	C:\WINDOWS\System32\sechost.dll
0x00007ff82ad50000 - 0x00007ff82ae76000 	C:\WINDOWS\System32\RPCRT4.dll
0x00007ff82ae80000 - 0x00007ff82b01d000 	C:\WINDOWS\System32\USER32.dll
0x00007ff8171a0000 - 0x00007ff81743a000 	C:\WINDOWS\WinSxS\amd64_microsoft.windows.common-controls_6595b64144ccf1df_6.0.19041.1110_none_60b5254171f9507e\COMCTL32.dll
0x00007ff82a300000 - 0x00007ff82a322000 	C:\WINDOWS\System32\win32u.dll
0x00007ff82b020000 - 0x00007ff82b04c000 	C:\WINDOWS\System32\GDI32.dll
0x00007ff82aaf0000 - 0x00007ff82ac05000 	C:\WINDOWS\System32\gdi32full.dll
0x00007ff82a950000 - 0x00007ff82a9ed000 	C:\WINDOWS\System32\msvcp_win.dll
0x00007ff8280a0000 - 0x00007ff8280aa000 	C:\WINDOWS\SYSTEM32\VERSION.dll
0x00007ff82bd50000 - 0x00007ff82bd80000 	C:\WINDOWS\System32\IMM32.DLL
0x00007ff8235e0000 - 0x00007ff8235ec000 	C:\Program Files\Java\jdk-20\bin\vcruntime140_1.dll
0x00007ffffcd70000 - 0x00007ffffcdfe000 	C:\Program Files\Java\jdk-20\bin\msvcp140.dll
0x00007fffdb1b0000 - 0x00007fffdbe47000 	C:\Program Files\Java\jdk-20\bin\server\jvm.dll
0x00007ff813a60000 - 0x00007ff813a87000 	C:\WINDOWS\SYSTEM32\WINMM.dll
0x00007ff8103c0000 - 0x00007ff8103c9000 	C:\WINDOWS\SYSTEM32\WSOCK32.dll
0x00007ff82bbb0000 - 0x00007ff82bc1b000 	C:\WINDOWS\System32\WS2_32.dll
0x00007ff828aa0000 - 0x00007ff828ab2000 	C:\WINDOWS\SYSTEM32\kernel.appcore.dll
0x00007ff8211b0000 - 0x00007ff8211ba000 	C:\Program Files\Java\jdk-20\bin\jimage.dll
0x00007ff827650000 - 0x00007ff827834000 	C:\WINDOWS\SYSTEM32\DBGHELP.DLL
0x00007ff810380000 - 0x00007ff8103b4000 	C:\WINDOWS\SYSTEM32\dbgcore.DLL
0x00007ff82a330000 - 0x00007ff82a3b2000 	C:\WINDOWS\System32\bcryptPrimitives.dll
0x00007ff806860000 - 0x00007ff806886000 	C:\Program Files\Java\jdk-20\bin\java.dll
0x00007ffffc4c0000 - 0x00007ffffc597000 	C:\Program Files\Java\jdk-20\bin\jsvml.dll
0x00007ff82b3e0000 - 0x00007ff82bb24000 	C:\WINDOWS\System32\SHELL32.dll
0x00007ff8282f0000 - 0x00007ff828a83000 	C:\WINDOWS\SYSTEM32\windows.storage.dll
0x00007ff82c770000 - 0x00007ff82cac4000 	C:\WINDOWS\System32\combase.dll
0x00007ff829c80000 - 0x00007ff829cae000 	C:\WINDOWS\SYSTEM32\Wldp.dll
0x00007ff82b330000 - 0x00007ff82b3dd000 	C:\WINDOWS\System32\SHCORE.dll
0x00007ff82b160000 - 0x00007ff82b1b5000 	C:\WINDOWS\System32\shlwapi.dll
0x00007ff82a1d0000 - 0x00007ff82a1ef000 	C:\WINDOWS\SYSTEM32\profapi.dll
0x00007ff812fc0000 - 0x00007ff812fd3000 	C:\Program Files\Java\jdk-20\bin\net.dll
0x00007ff820140000 - 0x00007ff82024a000 	C:\WINDOWS\SYSTEM32\WINHTTP.dll
0x00007ff829970000 - 0x00007ff8299da000 	C:\WINDOWS\system32\mswsock.dll
0x00007ff80e5b0000 - 0x00007ff80e5c6000 	C:\Program Files\Java\jdk-20\bin\nio.dll
0x00007ff804fb0000 - 0x00007ff804fc8000 	C:\Program Files\Java\jdk-20\bin\zip.dll
0x00007ff820dd0000 - 0x00007ff820de0000 	C:\Program Files\Java\jdk-20\bin\verify.dll
0x00007ff829b60000 - 0x00007ff829b78000 	C:\WINDOWS\SYSTEM32\CRYPTSP.dll
0x00007ff829250000 - 0x00007ff829284000 	C:\WINDOWS\system32\rsaenh.dll
0x00007ff82a7c0000 - 0x00007ff82a7e7000 	C:\WINDOWS\System32\bcrypt.dll
0x00007ff82a150000 - 0x00007ff82a17e000 	C:\WINDOWS\SYSTEM32\USERENV.dll
0x00007ff829b80000 - 0x00007ff829b8c000 	C:\WINDOWS\SYSTEM32\CRYPTBASE.dll
0x00007ff829640000 - 0x00007ff82967c000 	C:\WINDOWS\SYSTEM32\IPHLPAPI.DLL
0x00007ff82b320000 - 0x00007ff82b328000 	C:\WINDOWS\System32\NSI.dll
0x00007ff81e510000 - 0x00007ff81e527000 	C:\WINDOWS\SYSTEM32\dhcpcsvc6.DLL
0x00007ff81e4f0000 - 0x00007ff81e50d000 	C:\WINDOWS\SYSTEM32\dhcpcsvc.DLL
0x00007ff829680000 - 0x00007ff82974b000 	C:\WINDOWS\SYSTEM32\DNSAPI.dll
0x00007ff8204c0000 - 0x00007ff8204ca000 	C:\Program Files\Java\jdk-20\bin\management.dll
0x00007ff820390000 - 0x00007ff82039b000 	C:\Program Files\Java\jdk-20\bin\management_ext.dll
0x00007ff82bc20000 - 0x00007ff82bc28000 	C:\WINDOWS\System32\PSAPI.DLL
0x00007ff820310000 - 0x00007ff82031e000 	C:\Program Files\Java\jdk-20\bin\sunmscapi.dll
0x00007ff82a7f0000 - 0x00007ff82a94e000 	C:\WINDOWS\System32\CRYPT32.dll
0x00007ff829cf0000 - 0x00007ff829d18000 	C:\WINDOWS\SYSTEM32\ncrypt.dll
0x00007ff829cb0000 - 0x00007ff829ceb000 	C:\WINDOWS\SYSTEM32\NTASN1.dll
0x00007ff81fe00000 - 0x00007ff81fe07000 	C:\WINDOWS\system32\wshunix.dll
0x00007ff81e490000 - 0x00007ff81e497000 	C:\Program Files\Java\jdk-20\bin\extnet.dll
0x00007ff800e00000 - 0x00007ff800e17000 	C:\WINDOWS\system32\napinsp.dll
0x00007ff800de0000 - 0x00007ff800dfb000 	C:\WINDOWS\system32\pnrpnsp.dll
0x00007ff8248a0000 - 0x00007ff8248b5000 	C:\WINDOWS\system32\wshbth.dll
0x00007ff8255c0000 - 0x00007ff8255dd000 	C:\WINDOWS\system32\NLAapi.dll
0x00007ff800dc0000 - 0x00007ff800dd2000 	C:\WINDOWS\System32\winrnr.dll
0x00007ff821520000 - 0x00007ff82152a000 	C:\Windows\System32\rasadhlp.dll
0x00007ff81e7b0000 - 0x00007ff81e832000 	C:\WINDOWS\System32\fwpuclnt.dll
0x00007ff829390000 - 0x00007ff8293c3000 	C:\WINDOWS\SYSTEM32\ntmarta.dll

dbghelp: loaded successfully - version: 4.0.5 - missing functions: none
symbol engine: initialized successfully - sym options: 0x614 - pdb path: .;C:\Program Files\Java\jdk-20\bin;C:\WINDOWS\SYSTEM32;C:\WINDOWS\WinSxS\amd64_microsoft.windows.common-controls_6595b64144ccf1df_6.0.19041.1110_none_60b5254171f9507e;C:\Program Files\Java\jdk-20\bin\server

VM Arguments:
jvm_args: -XX:+ShowCodeDetailsInExceptionMessages 
java_command: com.caribu.filiale.MainVerticle
java_class_path (initial): C:\Users\ninad\Desktop\filiale\target\classes;C:\Users\ninad\.m2\repository\io\vertx\vertx-core\4.4.1\vertx-core-4.4.1.jar;C:\Users\ninad\.m2\repository\io\netty\netty-common\4.1.90.Final\netty-common-4.1.90.Final.jar;C:\Users\ninad\.m2\repository\io\netty\netty-buffer\4.1.90.Final\netty-buffer-4.1.90.Final.jar;C:\Users\ninad\.m2\repository\io\netty\netty-transport\4.1.90.Final\netty-transport-4.1.90.Final.jar;C:\Users\ninad\.m2\repository\io\netty\netty-handler\4.1.90.Final\netty-handler-4.1.90.Final.jar;C:\Users\ninad\.m2\repository\io\netty\netty-transport-native-unix-common\4.1.90.Final\netty-transport-native-unix-common-4.1.90.Final.jar;C:\Users\ninad\.m2\repository\io\netty\netty-codec\4.1.90.Final\netty-codec-4.1.90.Final.jar;C:\Users\ninad\.m2\repository\io\netty\netty-handler-proxy\4.1.90.Final\netty-handler-proxy-4.1.90.Final.jar;C:\Users\ninad\.m2\repository\io\netty\netty-codec-socks\4.1.90.Final\netty-codec-socks-4.1.90.Final.jar;C:\Users\ninad\.m2\repository\io\netty\netty-codec-http\4.1.90.Final\netty-codec-http-4.1.90.Final.jar;C:\Users\ninad\.m2\repository\io\netty\netty-codec-http2\4.1.90.Final\netty-codec-http2-4.1.90.Final.jar;C:\Users\ninad\.m2\repository\io\netty\netty-resolver\4.1.90.Final\netty-resolver-4.1.90.Final.jar;C:\Users\ninad\.m2\repository\io\netty\netty-resolver-dns\4.1.90.Final\netty-resolver-dns-4.1.90.Final.jar;C:\Users\ninad\.m2\repository\io\netty\netty-codec-dns\4.1.90.Final\netty-codec-dns-4.1.90.Final.jar;C:\Users\ninad\.m2\repository\com\fasterxml\jackson\core\jackson-core\2.14.0\jackson-core-2.14.0.jar;C:\Users\ninad\.m2\repository\io\vertx\vertx-web-client\4.4.1\vertx-web-client-4.4.1.jar;C:\Users\ninad\.m2\repository\io\vertx\vertx-web-common\4.4.1\vertx-web-common-4.4.1.jar;C:\Users\ninad\.m2\repository\io\vertx\vertx-auth-common\4.4.1\vertx-auth-common-4.4.1.jar;C:\Users\ninad\.m2\repository\io\vertx\vertx-web-validation\4.4.1\vertx-web-validation-4.4.1.jar;C:\Users\ninad\.m2\repository\io\vertx\vertx-json-schema\4.4.1\vertx-json-schema-4.4.1.jar;C:\Users\ninad\.m2\repository\io\vertx\vertx-rx-java2\4.4.1\vertx-rx-java2-4.4.1.jar;C:\Users\ninad\.m2\repository\io\vertx\vertx-rx-java2-gen\4.4.1\vertx-rx-java2-gen-4.4.1.jar;C:\Users\ninad\.m2\repository\io\reactivex\rxjava2\rxjava\2.2.21\rxjava-2.2.21.jar;C:\Users\ninad\.m2\repository\org\reactivestreams\reactive-streams\1.0.3\reactive-streams-1.0.3.jar;C:\Users\ninad\.m2\repository\io\vertx\vertx-rx-gen\4.4.1\vertx-rx-gen-4.4.1.jar;C:\Users\ninad\.m2\repository\io\vertx\vertx-codegen\4.4.1\vertx-codegen-4.4.1.jar;C:\Users\ninad\.m2\repository\io\vertx\vertx-web\4.4.1\vertx-web-4.4.1.jar;C:\Users\ninad\.m2\repository\io\vertx\vertx-bridge-common\4.4.1\vertx-bridge-common-4.4.1.jar;C:\Users\ninad\.m2\repository\io\vertx\vertx-service-discovery\4.4.1\vertx-service-discovery-4.4.1.jar;C:\Users\ninad\.m2\repository\io\vertx\vertx-rx-java\4.4.1\vertx-rx-java-4.4.1.jar;C:\Users\ninad\.m2\repository\io\vertx\vertx-rx-java-gen\4.4.1\vertx-rx-java-gen-4.4.1.jar;C:\Users\ninad\.m2\repository\io\reactivex\rxjava\1.3.8\rxjava-1.3.8.jar;C:\Users\ninad\.m2\repository\io\vertx\vertx-web-api-contract\4.4.1\vertx-web-api-contract-4.4.1.jar;C:\Users\ninad\.m2\repository\com\fasterxml\jackson\core\jackson-databind\2.14.0\jackson-databind-2.14.0.jar;C:\Users\ninad\.m2\repository\com\fasterxml\jackson\core\jackson-annotations\2.14.0\jackson-annotations-2.14.0.jar;C:\Users\ninad\.m2\repository\com\networknt\json-schema-validator\1.0.43\json-schema-validator-1.0.43.jar;C:\Users\ninad\.m2\repository\org\apache\commons\commons-lang3\3.5\commons-lang3-3.5.jar;C:\Users\ninad\.m2\repository\org\jruby\joni\joni\2.1.31\joni-2.1.31.jar;C:\Users\ninad\.m2\repository\org\jruby\jcodings\jcodings\1.0.46\jcodings-1.0.46.jar;C:\Users\ninad\.m2\repository\jakarta\xml\bind\jakarta.xml.bind-api\2.3.3\jakarta.xml.bind-api-2.3.3.jar;C:\Users\ninad\.m2\repository\jakarta\activation\jakarta.activation-api\1.2.2\jakarta.activation-api-1.2.2.jar;C:\Users\ninad\.m2\repository\io\vertx\vertx-uri-template\4.4.1\vertx-uri-template-4.4.1.jar;C:\Users\ninad\.m2\repository\io\vertx\vertx-rx-java3\4.4.1\vertx-rx-java3-4.4.1.jar;C:\Users\ninad\.m2\repository\io\vertx\vertx-rx-java3-gen\4.4.1\vertx-rx-java3-gen-4.4.1.jar;C:\Users\ninad\.m2\repository\io\reactivex\rxjava3\rxjava\3.0.13\rxjava-3.0.13.jar;C:\Users\ninad\.m2\repository\io\vertx\vertx-pg-client\4.4.1\vertx-pg-client-4.4.1.jar;C:\Users\ninad\.m2\repository\io\vertx\vertx-sql-client\4.4.1\vertx-sql-client-4.4.1.jar;C:\Users\ninad\.m2\repository\io\vertx\vertx-sql-client-templates\4.4.1\vertx-sql-client-templates-4.4.1.jar;C:\Users\ninad\.m2\repository\org\postgresql\postgresql\42.6.0\postgresql-42.6.0.jar;C:\Users\ninad\.m2\repository\org\checkerframework\checker-qual\3.31.0\checker-qual-3.31.0.jar;C:\Users\ninad\.m2\repository\org\flywaydb\flyway-core\8.3.0\flyway-core-8.3.0.jar;C:\Users\ninad\.m2\repository\io\vertx\vertx-config\4.4.1\vertx-config-4.4.1.jar;C:\Users\ninad\.m2\repository\io\vertx\vertx-config-yaml\4.4.1\vertx-config-yaml-4.4.1.jar;C:\Users\ninad\.m2\repository\org\yaml\snakeyaml\2.0\snakeyaml-2.0.jar;C:\Users\ninad\.m2\repository\org\projectlombok\lombok\1.18.22\lombok-1.18.22.jar;C:\Users\ninad\.m2\repository\ch\qos\logback\logback-classic\1.2.10\logback-classic-1.2.10.jar;C:\Users\ninad\.m2\repository\ch\qos\logback\logback-core\1.2.10\logback-core-1.2.10.jar;C:\Users\ninad\.m2\repository\org\slf4j\slf4j-api\1.7.21\slf4j-api-1.7.21.jar
Launcher Type: SUN_STANDARD

[Global flags]
     intx CICompilerCount                          = 4                                         {product} {ergonomic}
     uint ConcGCThreads                            = 2                                         {product} {ergonomic}
     uint G1ConcRefinementThreads                  = 8                                         {product} {ergonomic}
   size_t G1HeapRegionSize                         = 1048576                                   {product} {ergonomic}
    uintx GCDrainStackTargetSize                   = 64                                        {product} {ergonomic}
   size_t InitialHeapSize                          = 134217728                                 {product} {ergonomic}
   size_t MarkStackSize                            = 4194304                                   {product} {ergonomic}
   size_t MaxHeapSize                              = 2116026368                                {product} {ergonomic}
   size_t MaxNewSize                               = 1268776960                                {product} {ergonomic}
   size_t MinHeapDeltaBytes                        = 1048576                                   {product} {ergonomic}
   size_t MinHeapSize                              = 8388608                                   {product} {ergonomic}
    uintx NonNMethodCodeHeapSize                   = 5839372                                {pd product} {ergonomic}
    uintx NonProfiledCodeHeapSize                  = 122909434                              {pd product} {ergonomic}
    uintx ProfiledCodeHeapSize                     = 122909434                              {pd product} {ergonomic}
    uintx ReservedCodeCacheSize                    = 251658240                              {pd product} {ergonomic}
     bool SegmentedCodeCache                       = true                                      {product} {ergonomic}
     bool ShowCodeDetailsInExceptionMessages       = true                                   {manageable} {command line}
   size_t SoftMaxHeapSize                          = 2116026368                             {manageable} {ergonomic}
     bool UseCompressedClassPointers               = true                           {product lp64_product} {ergonomic}
     bool UseCompressedOops                        = true                           {product lp64_product} {ergonomic}
     bool UseG1GC                                  = true                                      {product} {ergonomic}
     bool UseLargePagesIndividualAllocation        = false                                  {pd product} {ergonomic}

Logging:
Log output configuration:
 #0: stdout all=warning uptime,level,tags foldmultilines=false
 #1: stderr all=off uptime,level,tags foldmultilines=false

Environment Variables:
JAVA_HOME=C:\Program Files\Java\jdk-20
PATH=C:\Users\ninad\miniconda3;C:\Users\ninad\miniconda3\Library\mingw-w64\bin;C:\Users\ninad\miniconda3\Library\usr\bin;C:\Users\ninad\miniconda3\Library\bin;C:\Users\ninad\miniconda3\Scripts;C:\Users\ninad\miniconda3\bin;C:\Users\ninad\miniconda3\condabin;C:\Python311\Scripts;C:\Python311;C:\Program Files (x86)\Common Files\Oracle\Java\javapath;C:\Program Files\NVIDIA GPU Computing Toolkit\CUDA\v11.0\bin;C:\Program Files\NVIDIA GPU Computing Toolkit\CUDA\v11.0\libnvvp;C:\Program Files (x86)\Intel\iCLS Client;C:\Program Files\Intel\iCLS Client;C:\WINDOWS\system32;C:\WINDOWS;C:\WINDOWS\System32\Wbem;C:\WINDOWS\System32\WindowsPowerShell\v1.0;C:\Program Files (x86)\Intel\Intel(R) Management Engine Components\DAL;C:\Program Files\Intel\Intel(R) Management Engine Components\DAL;C:\Program Files (x86)\Intel\Intel(R) Management Engine Components\IPT;C:\Program Files\Intel\Intel(R) Management Engine Components\IPT;C:\WINDOWS\System32\OpenSSH;C:\Program Files\dotnet;C:\Program Files\Microsoft SQL Server\130\Tools\Binn;C:\Program Files\Microsoft SQL Server\Client SDK\ODBC\170\Tools\Binn;C:\Users\ninad\Desktop\ZED SDK\dependencies\freeglut_2.8\x64;C:\Users\ninad\Desktop\ZED SDK\dependencies\glew-1.12.0\x64;C:\Users\ninad\Desktop\ZED SDK\dependencies\opencv_3.1.0\x64;C:\Users\ninad\Desktop\Program Files (x86)\ZED SDK\bin;C:\Program Files\NVIDIA Corporation\Nsight Compute 2020.1.1;C:\Program Files (x86)\NVIDIA Corporation\PhysX\Common;C:\Program Files\Git\cmd;C:\Program Files\MATLAB\R2021a\bin;C:\Program Files\PuTTY;C:\Program Files\nodejs;C:\ProgramData\chocolatey\bin;.;C:\Program Files\Docker\Docker\resources\bin;C:\Users\ninad\miniconda3;C:\Users\ninad\miniconda3\Library\mingw-w64\bin;C:\Users\ninad\miniconda3\Library\usr\bin;C:\Users\ninad\miniconda3\Library\bin;C:\Users\ninad\miniconda3\Scripts;C:\Users\ninad\AppData\Local\Microsoft\WindowsApps;C:\Users\ninad\.dotnet\tools;C:\Users\ninad\Desktop\ZED SDK\bin;C:\Program Files (x86)\Microsoft Visual Studio\Shared\Python37_64;C:\Program Files\JetBrains\PyCharm 2021.1.3\bin;.;C:\Users\ninad\AppData\Local\Programs\MiKTeX\miktex\bin\x64;C:\Users\ninad\AppData\Local\Programs\Microsoft VS Code\bin;C:\Users\ninad\AppData\Roaming\npm
USERNAME=ninad
LANG=it_IT.UTF-8
OS=Windows_NT
PROCESSOR_IDENTIFIER=Intel64 Family 6 Model 142 Stepping 10, GenuineIntel
TMP=C:\Users\ninad\AppData\Local\Temp
TEMP=C:\Users\ninad\AppData\Local\Temp




---------------  S Y S T E M  ---------------

OS:
 Windows 10 , 64 bit Build 19041 (10.0.19041.2913)
OS uptime: 2 days 4:01 hours
Hyper-V role detected

CPU: total 8 (initial active 8) (4 cores per cpu, 2 threads per core) family 6 model 142 stepping 10 microcode 0xd6, cx8, cmov, fxsr, ht, mmx, 3dnowpref, sse, sse2, sse3, ssse3, sse4.1, sse4.2, popcnt, lzcnt, tsc, tscinvbit, avx, avx2, aes, erms, clmul, bmi1, bmi2, adx, fma, vzeroupper, clflush, clflushopt, hv, rdtscp, f16c

Memory: 4k page, system-wide physical 8066M (755M free)
TotalPageFile size 18653M (AvailPageFile size 24M)
current process WorkingSet (physical memory assigned to process): 97M, peak: 97M
current process commit charge ("private bytes"): 239M, peak: 240M

vm_info: Java HotSpot(TM) 64-Bit Server VM (20.0.1+9-29) for windows-amd64 JRE (20.0.1+9-29), built on 2023-03-07T13:56:11Z by "mach5one" with MS VC++ 17.1 (VS2022)

END.
